Start testing: Jul 22 21:24 Eastern Daylight Time
----------------------------------------------------------
7/8 Testing: Game_Unit_Tests
7/8 Test: Game_Unit_Tests
Command: "C:/Users/djroc/NEU/2026Summer/CS5850/110-finalproject-DanielRJilek/CPP/build/game/tests/Debug/game_unit_tests.exe"
Directory: C:/Users/djroc/NEU/2026Summer/CS5850/110-finalproject-DanielRJilek/CPP/build/game/tests
"Game_Unit_Tests" start time: Jul 22 21:24 Eastern Daylight Time
Output:
----------------------------------------------------------
Randomness seeded to: 2614124212
Usage: game [OPTIONS]

Options:
  --keys FRAME:KEY ...   Inject key presses at specific frames
  --dump N ...           Dump game state at specified frames
  --trace N ...          Trace system execution at specified frames
  --stopframe N          Stop after frame N
  --seed N               Fixed timestep and spawn RNG seed for reproducible debug runs
  --paused               Start in paused (debug) mode
  --verbose, -v          Enable per-frame verbose logging
  --fps N                Override target FPS (positive integer)
  --clear-logs           Clear previous log directories (default)
  --no-clear-logs        Preserve previous log directories
  --screenshot N ...     Save a BMP screenshot at specified frames
  --debug-keys           Enable interactive J/T dump/trace keys (default)
  --no-debug-keys        Disable interactive J/T dump/trace keys
  --script FILE          Load session from a JSON script file (exclusive)
  --help                 Show this help message
Error: --fps requires a positive integer value
Usage: game [OPTIONS]

Options:
  --keys FRAME:KEY ...   Inject key presses at specific frames
  --dump N ...           Dump game state at specified frames
  --trace N ...          Trace system execution at specified frames
  --stopframe N          Stop after frame N
  --seed N               Fixed timestep and spawn RNG seed for reproducible debug runs
  --paused               Start in paused (debug) mode
  --verbose, -v          Enable per-frame verbose logging
  --fps N                Override target FPS (positive integer)
  --clear-logs           Clear previous log directories (default)
  --no-clear-logs        Preserve previous log directories
  --screenshot N ...     Save a BMP screenshot at specified frames
  --debug-keys           Enable interactive J/T dump/trace keys (default)
  --no-debug-keys        Disable interactive J/T dump/trace keys
  --script FILE          Load session from a JSON script file (exclusive)
  --help                 Show this help message
Error: --stopframe requires a non-negative integer value
Usage: game [OPTIONS]

Options:
  --keys FRAME:KEY ...   Inject key presses at specific frames
  --dump N ...           Dump game state at specified frames
  --trace N ...          Trace system execution at specified frames
  --stopframe N          Stop after frame N
  --seed N               Fixed timestep and spawn RNG seed for reproducible debug runs
  --paused               Start in paused (debug) mode
  --verbose, -v          Enable per-frame verbose logging
  --fps N                Override target FPS (positive integer)
  --clear-logs           Clear previous log directories (default)
  --no-clear-logs        Preserve previous log directories
  --screenshot N ...     Save a BMP screenshot at specified frames
  --debug-keys           Enable interactive J/T dump/trace keys (default)
  --no-debug-keys        Disable interactive J/T dump/trace keys
  --script FILE          Load session from a JSON script file (exclusive)
  --help                 Show this help message
Error: --dump requires at least one frame number
Usage: game [OPTIONS]

Options:
  --keys FRAME:KEY ...   Inject key presses at specific frames
  --dump N ...           Dump game state at specified frames
  --trace N ...          Trace system execution at specified frames
  --stopframe N          Stop after frame N
  --seed N               Fixed timestep and spawn RNG seed for reproducible debug runs
  --paused               Start in paused (debug) mode
  --verbose, -v          Enable per-frame verbose logging
  --fps N                Override target FPS (positive integer)
  --clear-logs           Clear previous log directories (default)
  --no-clear-logs        Preserve previous log directories
  --screenshot N ...     Save a BMP screenshot at specified frames
  --debug-keys           Enable interactive J/T dump/trace keys (default)
  --no-debug-keys        Disable interactive J/T dump/trace keys
  --script FILE          Load session from a JSON script file (exclusive)
  --help                 Show this help message
Error: --trace requires at least one frame number
Usage: game [OPTIONS]

Options:
  --keys FRAME:KEY ...   Inject key presses at specific frames
  --dump N ...           Dump game state at specified frames
  --trace N ...          Trace system execution at specified frames
  --stopframe N          Stop after frame N
  --seed N               Fixed timestep and spawn RNG seed for reproducible debug runs
  --paused               Start in paused (debug) mode
  --verbose, -v          Enable per-frame verbose logging
  --fps N                Override target FPS (positive integer)
  --clear-logs           Clear previous log directories (default)
  --no-clear-logs        Preserve previous log directories
  --screenshot N ...     Save a BMP screenshot at specified frames
  --debug-keys           Enable interactive J/T dump/trace keys (default)
  --no-debug-keys        Disable interactive J/T dump/trace keys
  --script FILE          Load session from a JSON script file (exclusive)
  --help                 Show this help message
Error: --fps value must be a positive integer, got 0
Usage: game [OPTIONS]

Options:
  --keys FRAME:KEY ...   Inject key presses at specific frames
  --dump N ...           Dump game state at specified frames
  --trace N ...          Trace system execution at specified frames
  --stopframe N          Stop after frame N
  --seed N               Fixed timestep and spawn RNG seed for reproducible debug runs
  --paused               Start in paused (debug) mode
  --verbose, -v          Enable per-frame verbose logging
  --fps N                Override target FPS (positive integer)
  --clear-logs           Clear previous log directories (default)
  --no-clear-logs        Preserve previous log directories
  --screenshot N ...     Save a BMP screenshot at specified frames
  --debug-keys           Enable interactive J/T dump/trace keys (default)
  --no-debug-keys        Disable interactive J/T dump/trace keys
  --script FILE          Load session from a JSON script file (exclusive)
  --help                 Show this help message
Error: --fps value must be a positive integer, got -5
Usage: game [OPTIONS]

Options:
  --keys FRAME:KEY ...   Inject key presses at specific frames
  --dump N ...           Dump game state at specified frames
  --trace N ...          Trace system execution at specified frames
  --stopframe N          Stop after frame N
  --seed N               Fixed timestep and spawn RNG seed for reproducible debug runs
  --paused               Start in paused (debug) mode
  --verbose, -v          Enable per-frame verbose logging
  --fps N                Override target FPS (positive integer)
  --clear-logs           Clear previous log directories (default)
  --no-clear-logs        Preserve previous log directories
  --screenshot N ...     Save a BMP screenshot at specified frames
  --debug-keys           Enable interactive J/T dump/trace keys (default)
  --no-debug-keys        Disable interactive J/T dump/trace keys
  --script FILE          Load session from a JSON script file (exclusive)
  --help                 Show this help message
Error: --fps value 'abc' is not a valid integer
Usage: game [OPTIONS]

Options:
  --keys FRAME:KEY ...   Inject key presses at specific frames
  --dump N ...           Dump game state at specified frames
  --trace N ...          Trace system execution at specified frames
  --stopframe N          Stop after frame N
  --seed N               Fixed timestep and spawn RNG seed for reproducible debug runs
  --paused               Start in paused (debug) mode
  --verbose, -v          Enable per-frame verbose logging
  --fps N                Override target FPS (positive integer)
  --clear-logs           Clear previous log directories (default)
  --no-clear-logs        Preserve previous log directories
  --screenshot N ...     Save a BMP screenshot at specified frames
  --debug-keys           Enable interactive J/T dump/trace keys (default)
  --no-debug-keys        Disable interactive J/T dump/trace keys
  --script FILE          Load session from a JSON script file (exclusive)
  --help                 Show this help message
Error: invalid key name 'INVALID' in key action token '5:INVALID'
Usage: game [OPTIONS]

Options:
  --keys FRAME:KEY ...   Inject key presses at specific frames
  --dump N ...           Dump game state at specified frames
  --trace N ...          Trace system execution at specified frames
  --stopframe N          Stop after frame N
  --seed N               Fixed timestep and spawn RNG seed for reproducible debug runs
  --paused               Start in paused (debug) mode
  --verbose, -v          Enable per-frame verbose logging
  --fps N                Override target FPS (positive integer)
  --clear-logs           Clear previous log directories (default)
  --no-clear-logs        Preserve previous log directories
  --screenshot N ...     Save a BMP screenshot at specified frames
  --debug-keys           Enable interactive J/T dump/trace keys (default)
  --no-debug-keys        Disable interactive J/T dump/trace keys
  --script FILE          Load session from a JSON script file (exclusive)
  --help                 Show this help message
Error: invalid frame number 'abc' in key action token 'abc:RIGHT'
Usage: game [OPTIONS]

Options:
  --keys FRAME:KEY ...   Inject key presses at specific frames
  --dump N ...           Dump game state at specified frames
  --trace N ...          Trace system execution at specified frames
  --stopframe N          Stop after frame N
  --seed N               Fixed timestep and spawn RNG seed for reproducible debug runs
  --paused               Start in paused (debug) mode
  --verbose, -v          Enable per-frame verbose logging
  --fps N                Override target FPS (positive integer)
  --clear-logs           Clear previous log directories (default)
  --no-clear-logs        Preserve previous log directories
  --screenshot N ...     Save a BMP screenshot at specified frames
  --debug-keys           Enable interactive J/T dump/trace keys (default)
  --no-debug-keys        Disable interactive J/T dump/trace keys
  --script FILE          Load session from a JSON script file (exclusive)
  --help                 Show this help message
Error: invalid key action token '5RIGHT' (expected FRAME:KEY format)
Usage: game [OPTIONS]

Options:
  --keys FRAME:KEY ...   Inject key presses at specific frames
  --dump N ...           Dump game state at specified frames
  --trace N ...          Trace system execution at specified frames
  --stopframe N          Stop after frame N
  --seed N               Fixed timestep and spawn RNG seed for reproducible debug runs
  --paused               Start in paused (debug) mode
  --verbose, -v          Enable per-frame verbose logging
  --fps N                Override target FPS (positive integer)
  --clear-logs           Clear previous log directories (default)
  --no-clear-logs        Preserve previous log directories
  --screenshot N ...     Save a BMP screenshot at specified frames
  --debug-keys           Enable interactive J/T dump/trace keys (default)
  --no-debug-keys        Disable interactive J/T dump/trace keys
  --script FILE          Load session from a JSON script file (exclusive)
  --help                 Show this help message
Error: --fixed-seed is removed; use --seed 42 (or another non-negative integer)
Usage: game [OPTIONS]

Options:
  --keys FRAME:KEY ...   Inject key presses at specific frames
  --dump N ...           Dump game state at specified frames
  --trace N ...          Trace system execution at specified frames
  --stopframe N          Stop after frame N
  --seed N               Fixed timestep and spawn RNG seed for reproducible debug runs
  --paused               Start in paused (debug) mode
  --verbose, -v          Enable per-frame verbose logging
  --fps N                Override target FPS (positive integer)
  --clear-logs           Clear previous log directories (default)
  --no-clear-logs        Preserve previous log directories
  --screenshot N ...     Save a BMP screenshot at specified frames
  --debug-keys           Enable interactive J/T dump/trace keys (default)
  --no-debug-keys        Disable interactive J/T dump/trace keys
  --script FILE          Load session from a JSON script file (exclusive)
  --help                 Show this help message
Error: --seed requires a non-negative integer value
Usage: game [OPTIONS]

Options:
  --keys FRAME:KEY ...   Inject key presses at specific frames
  --dump N ...           Dump game state at specified frames
  --trace N ...          Trace system execution at specified frames
  --stopframe N          Stop after frame N
  --seed N               Fixed timestep and spawn RNG seed for reproducible debug runs
  --paused               Start in paused (debug) mode
  --verbose, -v          Enable per-frame verbose logging
  --fps N                Override target FPS (positive integer)
  --clear-logs           Clear previous log directories (default)
  --no-clear-logs        Preserve previous log directories
  --screenshot N ...     Save a BMP screenshot at specified frames
  --debug-keys           Enable interactive J/T dump/trace keys (default)
  --no-debug-keys        Disable interactive J/T dump/trace keys
  --script FILE          Load session from a JSON script file (exclusive)
  --help                 Show this help message
===============================================================================
All tests passed (216 assertions in 48 test cases)

<end of output>
Test time =   0.34 sec
----------------------------------------------------------
Test Passed.
"Game_Unit_Tests" end time: Jul 22 21:24 Eastern Daylight Time
"Game_Unit_Tests" time elapsed: 00:00:00
----------------------------------------------------------

8/8 Testing: Game_Property_Tests
8/8 Test: Game_Property_Tests
Command: "C:/Users/djroc/NEU/2026Summer/CS5850/110-finalproject-DanielRJilek/CPP/build/game/tests/Debug/game_property_tests.exe"
Directory: C:/Users/djroc/NEU/2026Summer/CS5850/110-finalproject-DanielRJilek/CPP/build/game/tests
"Game_Property_Tests" start time: Jul 22 21:24 Eastern Daylight Time
Output:
----------------------------------------------------------
Randomness seeded to: 1886716962
Error: unrecognized argument '--taho'
Usage: game [OPTIONS]

Options:
  --keys FRAME:KEY ...   Inject key presses at specific frames
  --dump N ...           Dump game state at specified frames
  --trace N ...          Trace system execution at specified frames
  --stopframe N          Stop after frame N
  --seed N               Fixed timestep and spawn RNG seed for reproducible debug runs
  --paused               Start in paused (debug) mode
  --verbose, -v          Enable per-frame verbose logging
  --fps N                Override target FPS (positive integer)
  --clear-logs           Clear previous log directories (default)
  --no-clear-logs        Preserve previous log directories
  --screenshot N ...     Save a BMP screenshot at specified frames
  --debug-keys           Enable interactive J/T dump/trace keys (default)
  --no-debug-keys        Disable interactive J/T dump/trace keys
  --script FILE          Load session from a JSON script file (exclusive)
  --help                 Show this help message
Error: unrecognized argument '--ryfm'
Usage: game [OPTIONS]

Options:
  --keys FRAME:KEY ...   Inject key presses at specific frames
  --dump N ...           Dump game state at specified frames
  --trace N ...          Trace system execution at specified frames
  --stopframe N          Stop after frame N
  --seed N               Fixed timestep and spawn RNG seed for reproducible debug runs
  --paused               Start in paused (debug) mode
  --verbose, -v          Enable per-frame verbose logging
  --fps N                Override target FPS (positive integer)
  --clear-logs           Clear previous log directories (default)
  --no-clear-logs        Preserve previous log directories
  --screenshot N ...     Save a BMP screenshot at specified frames
  --debug-keys           Enable interactive J/T dump/trace keys (default)
  --no-debug-keys        Disable interactive J/T dump/trace keys
  --script FILE          Load session from a JSON script file (exclusive)
  --help                 Show this help message
Error: unrecognized argument '--xels'
Usage: game [OPTIONS]

Options:
  --keys FRAME:KEY ...   Inject key presses at specific frames
  --dump N ...           Dump game state at specified frames
  --trace N ...          Trace system execution at specified frames
  --stopframe N          Stop after frame N
  --seed N               Fixed timestep and spawn RNG seed for reproducible debug runs
  --paused               Start in paused (debug) mode
  --verbose, -v          Enable per-frame verbose logging
  --fps N                Override target FPS (positive integer)
  --clear-logs           Clear previous log directories (default)
  --no-clear-logs        Preserve previous log directories
  --screenshot N ...     Save a BMP screenshot at specified frames
  --debug-keys           Enable interactive J/T dump/trace keys (default)
  --no-debug-keys        Disable interactive J/T dump/trace keys
  --script FILE          Load session from a JSON script file (exclusive)
  --help                 Show this help message
Error: unrecognized argument '--jqxe'
Usage: game [OPTIONS]

Options:
  --keys FRAME:KEY ...   Inject key presses at specific frames
  --dump N ...           Dump game state at specified frames
  --trace N ...          Trace system execution at specified frames
  --stopframe N          Stop after frame N
  --seed N               Fixed timestep and spawn RNG seed for reproducible debug runs
  --paused               Start in paused (debug) mode
  --verbose, -v          Enable per-frame verbose logging
  --fps N                Override target FPS (positive integer)
  --clear-logs           Clear previous log directories (default)
  --no-clear-logs        Preserve previous log directories
  --screenshot N ...     Save a BMP screenshot at specified frames
  --debug-keys           Enable interactive J/T dump/trace keys (default)
  --no-debug-keys        Disable interactive J/T dump/trace keys
  --script FILE          Load session from a JSON script file (exclusive)
  --help                 Show this help message
Error: unrecognized argument '--taho'
Usage: game [OPTIONS]

Options:
  --keys FRAME:KEY ...   Inject key presses at specific frames
  --dump N ...           Dump game state at specified frames
  --trace N ...          Trace system execution at specified frames
  --stopframe N          Stop after frame N
  --seed N               Fixed timestep and spawn RNG seed for reproducible debug runs
  --paused               Start in paused (debug) mode
  --verbose, -v          Enable per-frame verbose logging
  --fps N                Override target FPS (positive integer)
  --clear-logs           Clear previous log directories (default)
  --no-clear-logs        Preserve previous log directories
  --screenshot N ...     Save a BMP screenshot at specified frames
  --debug-keys           Enable interactive J/T dump/trace keys (default)
  --no-debug-keys        Disable interactive J/T dump/trace keys
  --script FILE          Load session from a JSON script file (exclusive)
  --help                 Show this help message
Error: unrecognized argument '--ipwd'
Usage: game [OPTIONS]

Options:
  --keys FRAME:KEY ...   Inject key presses at specific frames
  --dump N ...           Dump game state at specified frames
  --trace N ...          Trace system execution at specified frames
  --stopframe N          Stop after frame N
  --seed N               Fixed timestep and spawn RNG seed for reproducible debug runs
  --paused               Start in paused (debug) mode
  --verbose, -v          Enable per-frame verbose logging
  --fps N                Override target FPS (positive integer)
  --clear-logs           Clear previous log directories (default)
  --no-clear-logs        Preserve previous log directories
  --screenshot N ...     Save a BMP screenshot at specified frames
  --debug-keys           Enable interactive J/T dump/trace keys (default)
  --no-debug-keys        Disable interactive J/T dump/trace keys
  --script FILE          Load session from a JSON script file (exclusive)
  --help                 Show this help message
Error: unrecognized argument '--hovc'
Usage: game [OPTIONS]

Options:
  --keys FRAME:KEY ...   Inject key presses at specific frames
  --dump N ...           Dump game state at specified frames
  --trace N ...          Trace system execution at specified frames
  --stopframe N          Stop after frame N
  --seed N               Fixed timestep and spawn RNG seed for reproducible debug runs
  --paused               Start in paused (debug) mode
  --verbose, -v          Enable per-frame verbose logging
  --fps N                Override target FPS (positive integer)
  --clear-logs           Clear previous log directories (default)
  --no-clear-logs        Preserve previous log directories
  --screenshot N ...     Save a BMP screenshot at specified frames
  --debug-keys           Enable interactive J/T dump/trace keys (default)
  --no-debug-keys        Disable interactive J/T dump/trace keys
  --script FILE          Load session from a JSON script file (exclusive)
  --help                 Show this help message
Error: unrecognized argument '--dkry'
Usage: game [OPTIONS]

Options:
  --keys FRAME:KEY ...   Inject key presses at specific frames
  --dump N ...           Dump game state at specified frames
  --trace N ...          Trace system execution at specified frames
  --stopframe N          Stop after frame N
  --seed N               Fixed timestep and spawn RNG seed for reproducible debug runs
  --paused               Start in paused (debug) mode
  --verbose, -v          Enable per-frame verbose logging
  --fps N                Override target FPS (positive integer)
  --clear-logs           Clear previous log directories (default)
  --no-clear-logs        Preserve previous log directories
  --screenshot N ...     Save a BMP screenshot at specified frames
  --debug-keys           Enable interactive J/T dump/trace keys (default)
  --no-debug-keys        Disable interactive J/T dump/trace keys
  --script FILE          Load session from a JSON script file (exclusive)
  --help                 Show this help message
Error: unrecognized argument '--qxel'
Usage: game [OPTIONS]

Options:
  --keys FRAME:KEY ...   Inject key presses at specific frames
  --dump N ...           Dump game state at specified frames
  --trace N ...          Trace system execution at specified frames
  --stopframe N          Stop after frame N
  --seed N               Fixed timestep and spawn RNG seed for reproducible debug runs
  --paused               Start in paused (debug) mode
  --verbose, -v          Enable per-frame verbose logging
  --fps N                Override target FPS (positive integer)
  --clear-logs           Clear previous log directories (default)
  --no-clear-logs        Preserve previous log directories
  --screenshot N ...     Save a BMP screenshot at specified frames
  --debug-keys           Enable interactive J/T dump/trace keys (default)
  --no-debug-keys        Disable interactive J/T dump/trace keys
  --script FILE          Load session from a JSON script file (exclusive)
  --help                 Show this help message
Error: unrecognized argument '--ryfm'
Usage: game [OPTIONS]

Options:
  --keys FRAME:KEY ...   Inject key presses at specific frames
  --dump N ...           Dump game state at specified frames
  --trace N ...          Trace system execution at specified frames
  --stopframe N          Stop after frame N
  --seed N               Fixed timestep and spawn RNG seed for reproducible debug runs
  --paused               Start in paused (debug) mode
  --verbose, -v          Enable per-frame verbose logging
  --fps N                Override target FPS (positive integer)
  --clear-logs           Clear previous log directories (default)
  --no-clear-logs        Preserve previous log directories
  --screenshot N ...     Save a BMP screenshot at specified frames
  --debug-keys           Enable interactive J/T dump/trace keys (default)
  --no-debug-keys        Disable interactive J/T dump/trace keys
  --script FILE          Load session from a JSON script file (exclusive)
  --help                 Show this help message
Error: unrecognized argument '--m'
Usage: game [OPTIONS]

Options:
  --keys FRAME:KEY ...   Inject key presses at specific frames
  --dump N ...           Dump game state at specified frames
  --trace N ...          Trace system execution at specified frames
  --stopframe N          Stop after frame N
  --seed N               Fixed timestep and spawn RNG seed for reproducible debug runs
  --paused               Start in paused (debug) mode
  --verbose, -v          Enable per-frame verbose logging
  --fps N                Override target FPS (positive integer)
  --clear-logs           Clear previous log directories (default)
  --no-clear-logs        Preserve previous log directories
  --screenshot N ...     Save a BMP screenshot at specified frames
  --debug-keys           Enable interactive J/T dump/trace keys (default)
  --no-debug-keys        Disable interactive J/T dump/trace keys
  --script FILE          Load session from a JSON script file (exclusive)
  --help                 Show this help message
Error: unrecognized argument '--r'
Usage: game [OPTIONS]

Options:
  --keys FRAME:KEY ...   Inject key presses at specific frames
  --dump N ...           Dump game state at specified frames
  --trace N ...          Trace system execution at specified frames
  --stopframe N          Stop after frame N
  --seed N               Fixed timestep and spawn RNG seed for reproducible debug runs
  --paused               Start in paused (debug) mode
  --verbose, -v          Enable per-frame verbose logging
  --fps N                Override target FPS (positive integer)
  --clear-logs           Clear previous log directories (default)
  --no-clear-logs        Preserve previous log directories
  --screenshot N ...     Save a BMP screenshot at specified frames
  --debug-keys           Enable interactive J/T dump/trace keys (default)
  --no-debug-keys        Disable interactive J/T dump/trace keys
  --script FILE          Load session from a JSON script file (exclusive)
  --help                 Show this help message
Error: unrecognized argument '--q'
Usage: game [OPTIONS]

Options:
  --keys FRAME:KEY ...   Inject key presses at specific frames
  --dump N ...           Dump game state at specified frames
  --trace N ...          Trace system execution at specified frames
  --stopframe N          Stop after frame N
  --seed N               Fixed timestep and spawn RNG seed for reproducible debug runs
  --paused               Start in paused (debug) mode
  --verbose, -v          Enable per-frame verbose logging
  --fps N                Override target FPS (positive integer)
  --clear-logs           Clear previous log directories (default)
  --no-clear-logs        Preserve previous log directories
  --screenshot N ...     Save a BMP screenshot at specified frames
  --debug-keys           Enable interactive J/T dump/trace keys (default)
  --no-debug-keys        Disable interactive J/T dump/trace keys
  --script FILE          Load session from a JSON script file (exclusive)
  --help                 Show this help message
Error: unrecognized argument '--s'
Usage: game [OPTIONS]

Options:
  --keys FRAME:KEY ...   Inject key presses at specific frames
  --dump N ...           Dump game state at specified frames
  --trace N ...          Trace system execution at specified frames
  --stopframe N          Stop after frame N
  --seed N               Fixed timestep and spawn RNG seed for reproducible debug runs
  --paused               Start in paused (debug) mode
  --verbose, -v          Enable per-frame verbose logging
  --fps N                Override target FPS (positive integer)
  --clear-logs           Clear previous log directories (default)
  --no-clear-logs        Preserve previous log directories
  --screenshot N ...     Save a BMP screenshot at specified frames
  --debug-keys           Enable interactive J/T dump/trace keys (default)
  --no-debug-keys        Disable interactive J/T dump/trace keys
  --script FILE          Load session from a JSON script file (exclusive)
  --help                 Show this help message
Error: unrecognized argument '--u'
Usage: game [OPTIONS]

Options:
  --keys FRAME:KEY ...   Inject key presses at specific frames
  --dump N ...           Dump game state at specified frames
  --trace N ...          Trace system execution at specified frames
  --stopframe N          Stop after frame N
  --seed N               Fixed timestep and spawn RNG seed for reproducible debug runs
  --paused               Start in paused (debug) mode
  --verbose, -v          Enable per-frame verbose logging
  --fps N                Override target FPS (positive integer)
  --clear-logs           Clear previous log directories (default)
  --no-clear-logs        Preserve previous log directories
  --screenshot N ...     Save a BMP screenshot at specified frames
  --debug-keys           Enable interactive J/T dump/trace keys (default)
  --no-debug-keys        Disable interactive J/T dump/trace keys
  --script FILE          Load session from a JSON script file (exclusive)
  --help                 Show this help message
Error: unrecognized argument '--hovcjqx'
Usage: game [OPTIONS]

Options:
  --keys FRAME:KEY ...   Inject key presses at specific frames
  --dump N ...           Dump game state at specified frames
  --trace N ...          Trace system execution at specified frames
  --stopframe N          Stop after frame N
  --seed N               Fixed timestep and spawn RNG seed for reproducible debug runs
  --paused               Start in paused (debug) mode
  --verbose, -v          Enable per-frame verbose logging
  --fps N                Override target FPS (positive integer)
  --clear-logs           Clear previous log directories (default)
  --no-clear-logs        Preserve previous log directories
  --screenshot N ...     Save a BMP screenshot at specified frames
  --debug-keys           Enable interactive J/T dump/trace keys (default)
  --no-debug-keys        Disable interactive J/T dump/trace keys
  --script FILE          Load session from a JSON script file (exclusive)
  --help                 Show this help message
Error: unrecognized argument '--pwdkryf'
Usage: game [OPTIONS]

Options:
  --keys FRAME:KEY ...   Inject key presses at specific frames
  --dump N ...           Dump game state at specified frames
  --trace N ...          Trace system execution at specified frames
  --stopframe N          Stop after frame N
  --seed N               Fixed timestep and spawn RNG seed for reproducible debug runs
  --paused               Start in paused (debug) mode
  --verbose, -v          Enable per-frame verbose logging
  --fps N                Override target FPS (positive integer)
  --clear-logs           Clear previous log directories (default)
  --no-clear-logs        Preserve previous log directories
  --screenshot N ...     Save a BMP screenshot at specified frames
  --debug-keys           Enable interactive J/T dump/trace keys (default)
  --no-debug-keys        Disable interactive J/T dump/trace keys
  --script FILE          Load session from a JSON script file (exclusive)
  --help                 Show this help message
Error: unrecognized argument '--ovcjqxe'
Usage: game [OPTIONS]

Options:
  --keys FRAME:KEY ...   Inject key presses at specific frames
  --dump N ...           Dump game state at specified frames
  --trace N ...          Trace system execution at specified frames
  --stopframe N          Stop after frame N
  --seed N               Fixed timestep and spawn RNG seed for reproducible debug runs
  --paused               Start in paused (debug) mode
  --verbose, -v          Enable per-frame verbose logging
  --fps N                Override target FPS (positive integer)
  --clear-logs           Clear previous log directories (default)
  --no-clear-logs        Preserve previous log directories
  --screenshot N ...     Save a BMP screenshot at specified frames
  --debug-keys           Enable interactive J/T dump/trace keys (default)
  --no-debug-keys        Disable interactive J/T dump/trace keys
  --script FILE          Load session from a JSON script file (exclusive)
  --help                 Show this help message
Error: unrecognized argument '--elszgnu'
Usage: game [OPTIONS]

Options:
  --keys FRAME:KEY ...   Inject key presses at specific frames
  --dump N ...           Dump game state at specified frames
  --trace N ...          Trace system execution at specified frames
  --stopframe N          Stop after frame N
  --seed N               Fixed timestep and spawn RNG seed for reproducible debug runs
  --paused               Start in paused (debug) mode
  --verbose, -v          Enable per-frame verbose logging
  --fps N                Override target FPS (positive integer)
  --clear-logs           Clear previous log directories (default)
  --no-clear-logs        Preserve previous log directories
  --screenshot N ...     Save a BMP screenshot at specified frames
  --debug-keys           Enable interactive J/T dump/trace keys (default)
  --no-debug-keys        Disable interactive J/T dump/trace keys
  --script FILE          Load session from a JSON script file (exclusive)
  --help                 Show this help message
Error: unrecognized argument '--zgnubip'
Usage: game [OPTIONS]

Options:
  --keys FRAME:KEY ...   Inject key presses at specific frames
  --dump N ...           Dump game state at specified frames
  --trace N ...          Trace system execution at specified frames
  --stopframe N          Stop after frame N
  --seed N               Fixed timestep and spawn RNG seed for reproducible debug runs
  --paused               Start in paused (debug) mode
  --verbose, -v          Enable per-frame verbose logging
  --fps N                Override target FPS (positive integer)
  --clear-logs           Clear previous log directories (default)
  --no-clear-logs        Preserve previous log directories
  --screenshot N ...     Save a BMP screenshot at specified frames
  --debug-keys           Enable interactive J/T dump/trace keys (default)
  --no-debug-keys        Disable interactive J/T dump/trace keys
  --script FILE          Load session from a JSON script file (exclusive)
  --help                 Show this help message
Error: unrecognized argument '--kry'
Usage: game [OPTIONS]

Options:
  --keys FRAME:KEY ...   Inject key presses at specific frames
  --dump N ...           Dump game state at specified frames
  --trace N ...          Trace system execution at specified frames
  --stopframe N          Stop after frame N
  --seed N               Fixed timestep and spawn RNG seed for reproducible debug runs
  --paused               Start in paused (debug) mode
  --verbose, -v          Enable per-frame verbose logging
  --fps N                Override target FPS (positive integer)
  --clear-logs           Clear previous log directories (default)
  --no-clear-logs        Preserve previous log directories
  --screenshot N ...     Save a BMP screenshot at specified frames
  --debug-keys           Enable interactive J/T dump/trace keys (default)
  --no-debug-keys        Disable interactive J/T dump/trace keys
  --script FILE          Load session from a JSON script file (exclusive)
  --help                 Show this help message
Error: unrecognized argument '--lsz'
Usage: game [OPTIONS]

Options:
  --keys FRAME:KEY ...   Inject key presses at specific frames
  --dump N ...           Dump game state at specified frames
  --trace N ...          Trace system execution at specified frames
  --stopframe N          Stop after frame N
  --seed N               Fixed timestep and spawn RNG seed for reproducible debug runs
  --paused               Start in paused (debug) mode
  --verbose, -v          Enable per-frame verbose logging
  --fps N                Override target FPS (positive integer)
  --clear-logs           Clear previous log directories (default)
  --no-clear-logs        Preserve previous log directories
  --screenshot N ...     Save a BMP screenshot at specified frames
  --debug-keys           Enable interactive J/T dump/trace keys (default)
  --no-debug-keys        Disable interactive J/T dump/trace keys
  --script FILE          Load session from a JSON script file (exclusive)
  --help                 Show this help message
Error: unrecognized argument '--cjq'
Usage: game [OPTIONS]

Options:
  --keys FRAME:KEY ...   Inject key presses at specific frames
  --dump N ...           Dump game state at specified frames
  --trace N ...          Trace system execution at specified frames
  --stopframe N          Stop after frame N
  --seed N               Fixed timestep and spawn RNG seed for reproducible debug runs
  --paused               Start in paused (debug) mode
  --verbose, -v          Enable per-frame verbose logging
  --fps N                Override target FPS (positive integer)
  --clear-logs           Clear previous log directories (default)
  --no-clear-logs        Preserve previous log directories
  --screenshot N ...     Save a BMP screenshot at specified frames
  --debug-keys           Enable interactive J/T dump/trace keys (default)
  --no-debug-keys        Disable interactive J/T dump/trace keys
  --script FILE          Load session from a JSON script file (exclusive)
  --help                 Show this help message
Error: unrecognized argument '--dkr'
Usage: game [OPTIONS]

Options:
  --keys FRAME:KEY ...   Inject key presses at specific frames
  --dump N ...           Dump game state at specified frames
  --trace N ...          Trace system execution at specified frames
  --stopframe N          Stop after frame N
  --seed N               Fixed timestep and spawn RNG seed for reproducible debug runs
  --paused               Start in paused (debug) mode
  --verbose, -v          Enable per-frame verbose logging
  --fps N                Override target FPS (positive integer)
  --clear-logs           Clear previous log directories (default)
  --no-clear-logs        Preserve previous log directories
  --screenshot N ...     Save a BMP screenshot at specified frames
  --debug-keys           Enable interactive J/T dump/trace keys (default)
  --no-debug-keys        Disable interactive J/T dump/trace keys
  --script FILE          Load session from a JSON script file (exclusive)
  --help                 Show this help message
Error: unrecognized argument '--bip'
Usage: game [OPTIONS]

Options:
  --keys FRAME:KEY ...   Inject key presses at specific frames
  --dump N ...           Dump game state at specified frames
  --trace N ...          Trace system execution at specified frames
  --stopframe N          Stop after frame N
  --seed N               Fixed timestep and spawn RNG seed for reproducible debug runs
  --paused               Start in paused (debug) mode
  --verbose, -v          Enable per-frame verbose logging
  --fps N                Override target FPS (positive integer)
  --clear-logs           Clear previous log directories (default)
  --no-clear-logs        Preserve previous log directories
  --screenshot N ...     Save a BMP screenshot at specified frames
  --debug-keys           Enable interactive J/T dump/trace keys (default)
  --no-debug-keys        Disable interactive J/T dump/trace keys
  --script FILE          Load session from a JSON script file (exclusive)
  --help                 Show this help message
Error: unrecognized argument '--qxels'
Usage: game [OPTIONS]

Options:
  --keys FRAME:KEY ...   Inject key presses at specific frames
  --dump N ...           Dump game state at specified frames
  --trace N ...          Trace system execution at specified frames
  --stopframe N          Stop after frame N
  --seed N               Fixed timestep and spawn RNG seed for reproducible debug runs
  --paused               Start in paused (debug) mode
  --verbose, -v          Enable per-frame verbose logging
  --fps N                Override target FPS (positive integer)
  --clear-logs           Clear previous log directories (default)
  --no-clear-logs        Preserve previous log directories
  --screenshot N ...     Save a BMP screenshot at specified frames
  --debug-keys           Enable interactive J/T dump/trace keys (default)
  --no-debug-keys        Disable interactive J/T dump/trace keys
  --script FILE          Load session from a JSON script file (exclusive)
  --help                 Show this help message
Error: unrecognized argument '--yfmta'
Usage: game [OPTIONS]

Options:
  --keys FRAME:KEY ...   Inject key presses at specific frames
  --dump N ...           Dump game state at specified frames
  --trace N ...          Trace system execution at specified frames
  --stopframe N          Stop after frame N
  --seed N               Fixed timestep and spawn RNG seed for reproducible debug runs
  --paused               Start in paused (debug) mode
  --verbose, -v          Enable per-frame verbose logging
  --fps N                Override target FPS (positive integer)
  --clear-logs           Clear previous log directories (default)
  --no-clear-logs        Preserve previous log directories
  --screenshot N ...     Save a BMP screenshot at specified frames
  --debug-keys           Enable interactive J/T dump/trace keys (default)
  --no-debug-keys        Disable interactive J/T dump/trace keys
  --script FILE          Load session from a JSON script file (exclusive)
  --help                 Show this help message
Error: unrecognized argument '--vcjqx'
Usage: game [OPTIONS]

Options:
  --keys FRAME:KEY ...   Inject key presses at specific frames
  --dump N ...           Dump game state at specified frames
  --trace N ...          Trace system execution at specified frames
  --stopframe N          Stop after frame N
  --seed N               Fixed timestep and spawn RNG seed for reproducible debug runs
  --paused               Start in paused (debug) mode
  --verbose, -v          Enable per-frame verbose logging
  --fps N                Override target FPS (positive integer)
  --clear-logs           Clear previous log directories (default)
  --no-clear-logs        Preserve previous log directories
  --screenshot N ...     Save a BMP screenshot at specified frames
  --debug-keys           Enable interactive J/T dump/trace keys (default)
  --no-debug-keys        Disable interactive J/T dump/trace keys
  --script FILE          Load session from a JSON script file (exclusive)
  --help                 Show this help message
Error: unrecognized argument '--qxels'
Usage: game [OPTIONS]

Options:
  --keys FRAME:KEY ...   Inject key presses at specific frames
  --dump N ...           Dump game state at specified frames
  --trace N ...          Trace system execution at specified frames
  --stopframe N          Stop after frame N
  --seed N               Fixed timestep and spawn RNG seed for reproducible debug runs
  --paused               Start in paused (debug) mode
  --verbose, -v          Enable per-frame verbose logging
  --fps N                Override target FPS (positive integer)
  --clear-logs           Clear previous log directories (default)
  --no-clear-logs        Preserve previous log directories
  --screenshot N ...     Save a BMP screenshot at specified frames
  --debug-keys           Enable interactive J/T dump/trace keys (default)
  --no-debug-keys        Disable interactive J/T dump/trace keys
  --script FILE          Load session from a JSON script file (exclusive)
  --help                 Show this help message
Error: unrecognized argument '--lszgn'
Usage: game [OPTIONS]

Options:
  --keys FRAME:KEY ...   Inject key presses at specific frames
  --dump N ...           Dump game state at specified frames
  --trace N ...          Trace system execution at specified frames
  --stopframe N          Stop after frame N
  --seed N               Fixed timestep and spawn RNG seed for reproducible debug runs
  --paused               Start in paused (debug) mode
  --verbose, -v          Enable per-frame verbose logging
  --fps N                Override target FPS (positive integer)
  --clear-logs           Clear previous log directories (default)
  --no-clear-logs        Preserve previous log directories
  --screenshot N ...     Save a BMP screenshot at specified frames
  --debug-keys           Enable interactive J/T dump/trace keys (default)
  --no-debug-keys        Disable interactive J/T dump/trace keys
  --script FILE          Load session from a JSON script file (exclusive)
  --help                 Show this help message
Error: unrecognized argument '--bipw'
Usage: game [OPTIONS]

Options:
  --keys FRAME:KEY ...   Inject key presses at specific frames
  --dump N ...           Dump game state at specified frames
  --trace N ...          Trace system execution at specified frames
  --stopframe N          Stop after frame N
  --seed N               Fixed timestep and spawn RNG seed for reproducible debug runs
  --paused               Start in paused (debug) mode
  --verbose, -v          Enable per-frame verbose logging
  --fps N                Override target FPS (positive integer)
  --clear-logs           Clear previous log directories (default)
  --no-clear-logs        Preserve previous log directories
  --screenshot N ...     Save a BMP screenshot at specified frames
  --debug-keys           Enable interactive J/T dump/trace keys (default)
  --no-debug-keys        Disable interactive J/T dump/trace keys
  --script FILE          Load session from a JSON script file (exclusive)
  --help                 Show this help message
Error: unrecognized argument '--gnub'
Usage: game [OPTIONS]

Options:
  --keys FRAME:KEY ...   Inject key presses at specific frames
  --dump N ...           Dump game state at specified frames
  --trace N ...          Trace system execution at specified frames
  --stopframe N          Stop after frame N
  --seed N               Fixed timestep and spawn RNG seed for reproducible debug runs
  --paused               Start in paused (debug) mode
  --verbose, -v          Enable per-frame verbose logging
  --fps N                Override target FPS (positive integer)
  --clear-logs           Clear previous log directories (default)
  --no-clear-logs        Preserve previous log directories
  --screenshot N ...     Save a BMP screenshot at specified frames
  --debug-keys           Enable interactive J/T dump/trace keys (default)
  --no-debug-keys        Disable interactive J/T dump/trace keys
  --script FILE          Load session from a JSON script file (exclusive)
  --help                 Show this help message
Error: unrecognized argument '--hovc'
Usage: game [OPTIONS]

Options:
  --keys FRAME:KEY ...   Inject key presses at specific frames
  --dump N ...           Dump game state at specified frames
  --trace N ...          Trace system execution at specified frames
  --stopframe N          Stop after frame N
  --seed N               Fixed timestep and spawn RNG seed for reproducible debug runs
  --paused               Start in paused (debug) mode
  --verbose, -v          Enable per-frame verbose logging
  --fps N                Override target FPS (positive integer)
  --clear-logs           Clear previous log directories (default)
  --no-clear-logs        Preserve previous log directories
  --screenshot N ...     Save a BMP screenshot at specified frames
  --debug-keys           Enable interactive J/T dump/trace keys (default)
  --no-debug-keys        Disable interactive J/T dump/trace keys
  --script FILE          Load session from a JSON script file (exclusive)
  --help                 Show this help message
Error: unrecognized argument '--dkry'
Usage: game [OPTIONS]

Options:
  --keys FRAME:KEY ...   Inject key presses at specific frames
  --dump N ...           Dump game state at specified frames
  --trace N ...          Trace system execution at specified frames
  --stopframe N          Stop after frame N
  --seed N               Fixed timestep and spawn RNG seed for reproducible debug runs
  --paused               Start in paused (debug) mode
  --verbose, -v          Enable per-frame verbose logging
  --fps N                Override target FPS (positive integer)
  --clear-logs           Clear previous log directories (default)
  --no-clear-logs        Preserve previous log directories
  --screenshot N ...     Save a BMP screenshot at specified frames
  --debug-keys           Enable interactive J/T dump/trace keys (default)
  --no-debug-keys        Disable interactive J/T dump/trace keys
  --script FILE          Load session from a JSON script file (exclusive)
  --help                 Show this help message
Error: unrecognized argument '--xels'
Usage: game [OPTIONS]

Options:
  --keys FRAME:KEY ...   Inject key presses at specific frames
  --dump N ...           Dump game state at specified frames
  --trace N ...          Trace system execution at specified frames
  --stopframe N          Stop after frame N
  --seed N               Fixed timestep and spawn RNG seed for reproducible debug runs
  --paused               Start in paused (debug) mode
  --verbose, -v          Enable per-frame verbose logging
  --fps N                Override target FPS (positive integer)
  --clear-logs           Clear previous log directories (default)
  --no-clear-logs        Preserve previous log directories
  --screenshot N ...     Save a BMP screenshot at specified frames
  --debug-keys           Enable interactive J/T dump/trace keys (default)
  --no-debug-keys        Disable interactive J/T dump/trace keys
  --script FILE          Load session from a JSON script file (exclusive)
  --help                 Show this help message
Error: unrecognized argument '--ovcjq'
Usage: game [OPTIONS]

Options:
  --keys FRAME:KEY ...   Inject key presses at specific frames
  --dump N ...           Dump game state at specified frames
  --trace N ...          Trace system execution at specified frames
  --stopframe N          Stop after frame N
  --seed N               Fixed timestep and spawn RNG seed for reproducible debug runs
  --paused               Start in paused (debug) mode
  --verbose, -v          Enable per-frame verbose logging
  --fps N                Override target FPS (positive integer)
  --clear-logs           Clear previous log directories (default)
  --no-clear-logs        Preserve previous log directories
  --screenshot N ...     Save a BMP screenshot at specified frames
  --debug-keys           Enable interactive J/T dump/trace keys (default)
  --no-debug-keys        Disable interactive J/T dump/trace keys
  --script FILE          Load session from a JSON script file (exclusive)
  --help                 Show this help message
Error: unrecognized argument '--lszgn'
Usage: game [OPTIONS]

Options:
  --keys FRAME:KEY ...   Inject key presses at specific frames
  --dump N ...           Dump game state at specified frames
  --trace N ...          Trace system execution at specified frames
  --stopframe N          Stop after frame N
  --seed N               Fixed timestep and spawn RNG seed for reproducible debug runs
  --paused               Start in paused (debug) mode
  --verbose, -v          Enable per-frame verbose logging
  --fps N                Override target FPS (positive integer)
  --clear-logs           Clear previous log directories (default)
  --no-clear-logs        Preserve previous log directories
  --screenshot N ...     Save a BMP screenshot at specified frames
  --debug-keys           Enable interactive J/T dump/trace keys (default)
  --no-debug-keys        Disable interactive J/T dump/trace keys
  --script FILE          Load session from a JSON script file (exclusive)
  --help                 Show this help message
Error: unrecognized argument '--qxels'
Usage: game [OPTIONS]

Options:
  --keys FRAME:KEY ...   Inject key presses at specific frames
  --dump N ...           Dump game state at specified frames
  --trace N ...          Trace system execution at specified frames
  --stopframe N          Stop after frame N
  --seed N               Fixed timestep and spawn RNG seed for reproducible debug runs
  --paused               Start in paused (debug) mode
  --verbose, -v          Enable per-frame verbose logging
  --fps N                Override target FPS (positive integer)
  --clear-logs           Clear previous log directories (default)
  --no-clear-logs        Preserve previous log directories
  --screenshot N ...     Save a BMP screenshot at specified frames
  --debug-keys           Enable interactive J/T dump/trace keys (default)
  --no-debug-keys        Disable interactive J/T dump/trace keys
  --script FILE          Load session from a JSON script file (exclusive)
  --help                 Show this help message
Error: unrecognized argument '--ryfmt'
Usage: game [OPTIONS]

Options:
  --keys FRAME:KEY ...   Inject key presses at specific frames
  --dump N ...           Dump game state at specified frames
  --trace N ...          Trace system execution at specified frames
  --stopframe N          Stop after frame N
  --seed N               Fixed timestep and spawn RNG seed for reproducible debug runs
  --paused               Start in paused (debug) mode
  --verbose, -v          Enable per-frame verbose logging
  --fps N                Override target FPS (positive integer)
  --clear-logs           Clear previous log directories (default)
  --no-clear-logs        Preserve previous log directories
  --screenshot N ...     Save a BMP screenshot at specified frames
  --debug-keys           Enable interactive J/T dump/trace keys (default)
  --no-debug-keys        Disable interactive J/T dump/trace keys
  --script FILE          Load session from a JSON script file (exclusive)
  --help                 Show this help message
Error: unrecognized argument '--jqxel'
Usage: game [OPTIONS]

Options:
  --keys FRAME:KEY ...   Inject key presses at specific frames
  --dump N ...           Dump game state at specified frames
  --trace N ...          Trace system execution at specified frames
  --stopframe N          Stop after frame N
  --seed N               Fixed timestep and spawn RNG seed for reproducible debug runs
  --paused               Start in paused (debug) mode
  --verbose, -v          Enable per-frame verbose logging
  --fps N                Override target FPS (positive integer)
  --clear-logs           Clear previous log directories (default)
  --no-clear-logs        Preserve previous log directories
  --screenshot N ...     Save a BMP screenshot at specified frames
  --debug-keys           Enable interactive J/T dump/trace keys (default)
  --no-debug-keys        Disable interactive J/T dump/trace keys
  --script FILE          Load session from a JSON script file (exclusive)
  --help                 Show this help message
Error: unrecognized argument '--cjq'
Usage: game [OPTIONS]

Options:
  --keys FRAME:KEY ...   Inject key presses at specific frames
  --dump N ...           Dump game state at specified frames
  --trace N ...          Trace system execution at specified frames
  --stopframe N          Stop after frame N
  --seed N               Fixed timestep and spawn RNG seed for reproducible debug runs
  --paused               Start in paused (debug) mode
  --verbose, -v          Enable per-frame verbose logging
  --fps N                Override target FPS (positive integer)
  --clear-logs           Clear previous log directories (default)
  --no-clear-logs        Preserve previous log directories
  --screenshot N ...     Save a BMP screenshot at specified frames
  --debug-keys           Enable interactive J/T dump/trace keys (default)
  --no-debug-keys        Disable interactive J/T dump/trace keys
  --script FILE          Load session from a JSON script file (exclusive)
  --help                 Show this help message
Error: unrecognized argument '--tah'
Usage: game [OPTIONS]

Options:
  --keys FRAME:KEY ...   Inject key presses at specific frames
  --dump N ...           Dump game state at specified frames
  --trace N ...          Trace system execution at specified frames
  --stopframe N          Stop after frame N
  --seed N               Fixed timestep and spawn RNG seed for reproducible debug runs
  --paused               Start in paused (debug) mode
  --verbose, -v          Enable per-frame verbose logging
  --fps N                Override target FPS (positive integer)
  --clear-logs           Clear previous log directories (default)
  --no-clear-logs        Preserve previous log directories
  --screenshot N ...     Save a BMP screenshot at specified frames
  --debug-keys           Enable interactive J/T dump/trace keys (default)
  --no-debug-keys        Disable interactive J/T dump/trace keys
  --script FILE          Load session from a JSON script file (exclusive)
  --help                 Show this help message
Error: unrecognized argument '--vcj'
Usage: game [OPTIONS]

Options:
  --keys FRAME:KEY ...   Inject key presses at specific frames
  --dump N ...           Dump game state at specified frames
  --trace N ...          Trace system execution at specified frames
  --stopframe N          Stop after frame N
  --seed N               Fixed timestep and spawn RNG seed for reproducible debug runs
  --paused               Start in paused (debug) mode
  --verbose, -v          Enable per-frame verbose logging
  --fps N                Override target FPS (positive integer)
  --clear-logs           Clear previous log directories (default)
  --no-clear-logs        Preserve previous log directories
  --screenshot N ...     Save a BMP screenshot at specified frames
  --debug-keys           Enable interactive J/T dump/trace keys (default)
  --no-debug-keys        Disable interactive J/T dump/trace keys
  --script FILE          Load session from a JSON script file (exclusive)
  --help                 Show this help message
Error: unrecognized argument '--fmt'
Usage: game [OPTIONS]

Options:
  --keys FRAME:KEY ...   Inject key presses at specific frames
  --dump N ...           Dump game state at specified frames
  --trace N ...          Trace system execution at specified frames
  --stopframe N          Stop after frame N
  --seed N               Fixed timestep and spawn RNG seed for reproducible debug runs
  --paused               Start in paused (debug) mode
  --verbose, -v          Enable per-frame verbose logging
  --fps N                Override target FPS (positive integer)
  --clear-logs           Clear previous log directories (default)
  --no-clear-logs        Preserve previous log directories
  --screenshot N ...     Save a BMP screenshot at specified frames
  --debug-keys           Enable interactive J/T dump/trace keys (default)
  --no-debug-keys        Disable interactive J/T dump/trace keys
  --script FILE          Load session from a JSON script file (exclusive)
  --help                 Show this help message
Error: unrecognized argument '--szg'
Usage: game [OPTIONS]

Options:
  --keys FRAME:KEY ...   Inject key presses at specific frames
  --dump N ...           Dump game state at specified frames
  --trace N ...          Trace system execution at specified frames
  --stopframe N          Stop after frame N
  --seed N               Fixed timestep and spawn RNG seed for reproducible debug runs
  --paused               Start in paused (debug) mode
  --verbose, -v          Enable per-frame verbose logging
  --fps N                Override target FPS (positive integer)
  --clear-logs           Clear previous log directories (default)
  --no-clear-logs        Preserve previous log directories
  --screenshot N ...     Save a BMP screenshot at specified frames
  --debug-keys           Enable interactive J/T dump/trace keys (default)
  --no-debug-keys        Disable interactive J/T dump/trace keys
  --script FILE          Load session from a JSON script file (exclusive)
  --help                 Show this help message
Error: unrecognized argument '--kry'
Usage: game [OPTIONS]

Options:
  --keys FRAME:KEY ...   Inject key presses at specific frames
  --dump N ...           Dump game state at specified frames
  --trace N ...          Trace system execution at specified frames
  --stopframe N          Stop after frame N
  --seed N               Fixed timestep and spawn RNG seed for reproducible debug runs
  --paused               Start in paused (debug) mode
  --verbose, -v          Enable per-frame verbose logging
  --fps N                Override target FPS (positive integer)
  --clear-logs           Clear previous log directories (default)
  --no-clear-logs        Preserve previous log directories
  --screenshot N ...     Save a BMP screenshot at specified frames
  --debug-keys           Enable interactive J/T dump/trace keys (default)
  --no-debug-keys        Disable interactive J/T dump/trace keys
  --script FILE          Load session from a JSON script file (exclusive)
  --help                 Show this help message
Error: unrecognized argument '--mta'
Usage: game [OPTIONS]

Options:
  --keys FRAME:KEY ...   Inject key presses at specific frames
  --dump N ...           Dump game state at specified frames
  --trace N ...          Trace system execution at specified frames
  --stopframe N          Stop after frame N
  --seed N               Fixed timestep and spawn RNG seed for reproducible debug runs
  --paused               Start in paused (debug) mode
  --verbose, -v          Enable per-frame verbose logging
  --fps N                Override target FPS (positive integer)
  --clear-logs           Clear previous log directories (default)
  --no-clear-logs        Preserve previous log directories
  --screenshot N ...     Save a BMP screenshot at specified frames
  --debug-keys           Enable interactive J/T dump/trace keys (default)
  --no-debug-keys        Disable interactive J/T dump/trace keys
  --script FILE          Load session from a JSON script file (exclusive)
  --help                 Show this help message
Error: unrecognized argument '--fmt'
Usage: game [OPTIONS]

Options:
  --keys FRAME:KEY ...   Inject key presses at specific frames
  --dump N ...           Dump game state at specified frames
  --trace N ...          Trace system execution at specified frames
  --stopframe N          Stop after frame N
  --seed N               Fixed timestep and spawn RNG seed for reproducible debug runs
  --paused               Start in paused (debug) mode
  --verbose, -v          Enable per-frame verbose logging
  --fps N                Override target FPS (positive integer)
  --clear-logs           Clear previous log directories (default)
  --no-clear-logs        Preserve previous log directories
  --screenshot N ...     Save a BMP screenshot at specified frames
  --debug-keys           Enable interactive J/T dump/trace keys (default)
  --no-debug-keys        Disable interactive J/T dump/trace keys
  --script FILE          Load session from a JSON script file (exclusive)
  --help                 Show this help message
Error: unrecognized argument '--nub'
Usage: game [OPTIONS]

Options:
  --keys FRAME:KEY ...   Inject key presses at specific frames
  --dump N ...           Dump game state at specified frames
  --trace N ...          Trace system execution at specified frames
  --stopframe N          Stop after frame N
  --seed N               Fixed timestep and spawn RNG seed for reproducible debug runs
  --paused               Start in paused (debug) mode
  --verbose, -v          Enable per-frame verbose logging
  --fps N                Override target FPS (positive integer)
  --clear-logs           Clear previous log directories (default)
  --no-clear-logs        Preserve previous log directories
  --screenshot N ...     Save a BMP screenshot at specified frames
  --debug-keys           Enable interactive J/T dump/trace keys (default)
  --no-debug-keys        Disable interactive J/T dump/trace keys
  --script FILE          Load session from a JSON script file (exclusive)
  --help                 Show this help message
Error: unrecognized argument '--yfm'
Usage: game [OPTIONS]

Options:
  --keys FRAME:KEY ...   Inject key presses at specific frames
  --dump N ...           Dump game state at specified frames
  --trace N ...          Trace system execution at specified frames
  --stopframe N          Stop after frame N
  --seed N               Fixed timestep and spawn RNG seed for reproducible debug runs
  --paused               Start in paused (debug) mode
  --verbose, -v          Enable per-frame verbose logging
  --fps N                Override target FPS (positive integer)
  --clear-logs           Clear previous log directories (default)
  --no-clear-logs        Preserve previous log directories
  --screenshot N ...     Save a BMP screenshot at specified frames
  --debug-keys           Enable interactive J/T dump/trace keys (default)
  --no-debug-keys        Disable interactive J/T dump/trace keys
  --script FILE          Load session from a JSON script file (exclusive)
  --help                 Show this help message
Error: invalid key name 'TEP' in key action token '10:TEP'
Usage: game [OPTIONS]

Options:
  --keys FRAME:KEY ...   Inject key presses at specific frames
  --dump N ...           Dump game state at specified frames
  --trace N ...          Trace system execution at specified frames
  --stopframe N          Stop after frame N
  --seed N               Fixed timestep and spawn RNG seed for reproducible debug runs
  --paused               Start in paused (debug) mode
  --verbose, -v          Enable per-frame verbose logging
  --fps N                Override target FPS (positive integer)
  --clear-logs           Clear previous log directories (default)
  --no-clear-logs        Preserve previous log directories
  --screenshot N ...     Save a BMP screenshot at specified frames
  --debug-keys           Enable interactive J/T dump/trace keys (default)
  --no-debug-keys        Disable interactive J/T dump/trace keys
  --script FILE          Load session from a JSON script file (exclusive)
  --help                 Show this help message
Error: invalid key name 'RCN' in key action token '10:RCN'
Usage: game [OPTIONS]

Options:
  --keys FRAME:KEY ...   Inject key presses at specific frames
  --dump N ...           Dump game state at specified frames
  --trace N ...          Trace system execution at specified frames
  --stopframe N          Stop after frame N
  --seed N               Fixed timestep and spawn RNG seed for reproducible debug runs
  --paused               Start in paused (debug) mode
  --verbose, -v          Enable per-frame verbose logging
  --fps N                Override target FPS (positive integer)
  --clear-logs           Clear previous log directories (default)
  --no-clear-logs        Preserve previous log directories
  --screenshot N ...     Save a BMP screenshot at specified frames
  --debug-keys           Enable interactive J/T dump/trace keys (default)
  --no-debug-keys        Disable interactive J/T dump/trace keys
  --script FILE          Load session from a JSON script file (exclusive)
  --help                 Show this help message
Error: invalid key name 'XIT' in key action token '10:XIT'
Usage: game [OPTIONS]

Options:
  --keys FRAME:KEY ...   Inject key presses at specific frames
  --dump N ...           Dump game state at specified frames
  --trace N ...          Trace system execution at specified frames
  --stopframe N          Stop after frame N
  --seed N               Fixed timestep and spawn RNG seed for reproducible debug runs
  --paused               Start in paused (debug) mode
  --verbose, -v          Enable per-frame verbose logging
  --fps N                Override target FPS (positive integer)
  --clear-logs           Clear previous log directories (default)
  --no-clear-logs        Preserve previous log directories
  --screenshot N ...     Save a BMP screenshot at specified frames
  --debug-keys           Enable interactive J/T dump/trace keys (default)
  --no-debug-keys        Disable interactive J/T dump/trace keys
  --script FILE          Load session from a JSON script file (exclusive)
  --help                 Show this help message
Error: invalid key name 'JUF' in key action token '10:JUF'
Usage: game [OPTIONS]

Options:
  --keys FRAME:KEY ...   Inject key presses at specific frames
  --dump N ...           Dump game state at specified frames
  --trace N ...          Trace system execution at specified frames
  --stopframe N          Stop after frame N
  --seed N               Fixed timestep and spawn RNG seed for reproducible debug runs
  --paused               Start in paused (debug) mode
  --verbose, -v          Enable per-frame verbose logging
  --fps N                Override target FPS (positive integer)
  --clear-logs           Clear previous log directories (default)
  --no-clear-logs        Preserve previous log directories
  --screenshot N ...     Save a BMP screenshot at specified frames
  --debug-keys           Enable interactive J/T dump/trace keys (default)
  --no-debug-keys        Disable interactive J/T dump/trace keys
  --script FILE          Load session from a JSON script file (exclusive)
  --help                 Show this help message
Error: invalid key name 'TEP' in key action token '10:TEP'
Usage: game [OPTIONS]

Options:
  --keys FRAME:KEY ...   Inject key presses at specific frames
  --dump N ...           Dump game state at specified frames
  --trace N ...          Trace system execution at specified frames
  --stopframe N          Stop after frame N
  --seed N               Fixed timestep and spawn RNG seed for reproducible debug runs
  --paused               Start in paused (debug) mode
  --verbose, -v          Enable per-frame verbose logging
  --fps N                Override target FPS (positive integer)
  --clear-logs           Clear previous log directories (default)
  --no-clear-logs        Preserve previous log directories
  --screenshot N ...     Save a BMP screenshot at specified frames
  --debug-keys           Enable interactive J/T dump/trace keys (default)
  --no-debug-keys        Disable interactive J/T dump/trace keys
  --script FILE          Load session from a JSON script file (exclusive)
  --help                 Show this help message
Error: invalid key name 'ITE' in key action token '10:ITE'
Usage: game [OPTIONS]

Options:
  --keys FRAME:KEY ...   Inject key presses at specific frames
  --dump N ...           Dump game state at specified frames
  --trace N ...          Trace system execution at specified frames
  --stopframe N          Stop after frame N
  --seed N               Fixed timestep and spawn RNG seed for reproducible debug runs
  --paused               Start in paused (debug) mode
  --verbose, -v          Enable per-frame verbose logging
  --fps N                Override target FPS (positive integer)
  --clear-logs           Clear previous log directories (default)
  --no-clear-logs        Preserve previous log directories
  --screenshot N ...     Save a BMP screenshot at specified frames
  --debug-keys           Enable interactive J/T dump/trace keys (default)
  --no-debug-keys        Disable interactive J/T dump/trace keys
  --script FILE          Load session from a JSON script file (exclusive)
  --help                 Show this help message
Error: invalid key name 'HSD' in key action token '10:HSD'
Usage: game [OPTIONS]

Options:
  --keys FRAME:KEY ...   Inject key presses at specific frames
  --dump N ...           Dump game state at specified frames
  --trace N ...          Trace system execution at specified frames
  --stopframe N          Stop after frame N
  --seed N               Fixed timestep and spawn RNG seed for reproducible debug runs
  --paused               Start in paused (debug) mode
  --verbose, -v          Enable per-frame verbose logging
  --fps N                Override target FPS (positive integer)
  --clear-logs           Clear previous log directories (default)
  --no-clear-logs        Preserve previous log directories
  --screenshot N ...     Save a BMP screenshot at specified frames
  --debug-keys           Enable interactive J/T dump/trace keys (default)
  --no-debug-keys        Disable interactive J/T dump/trace keys
  --script FILE          Load session from a JSON script file (exclusive)
  --help                 Show this help message
Error: invalid key name 'DOZ' in key action token '10:DOZ'
Usage: game [OPTIONS]

Options:
  --keys FRAME:KEY ...   Inject key presses at specific frames
  --dump N ...           Dump game state at specified frames
  --trace N ...          Trace system execution at specified frames
  --stopframe N          Stop after frame N
  --seed N               Fixed timestep and spawn RNG seed for reproducible debug runs
  --paused               Start in paused (debug) mode
  --verbose, -v          Enable per-frame verbose logging
  --fps N                Override target FPS (positive integer)
  --clear-logs           Clear previous log directories (default)
  --no-clear-logs        Preserve previous log directories
  --screenshot N ...     Save a BMP screenshot at specified frames
  --debug-keys           Enable interactive J/T dump/trace keys (default)
  --no-debug-keys        Disable interactive J/T dump/trace keys
  --script FILE          Load session from a JSON script file (exclusive)
  --help                 Show this help message
Error: invalid key name 'QBM' in key action token '10:QBM'
Usage: game [OPTIONS]

Options:
  --keys FRAME:KEY ...   Inject key presses at specific frames
  --dump N ...           Dump game state at specified frames
  --trace N ...          Trace system execution at specified frames
  --stopframe N          Stop after frame N
  --seed N               Fixed timestep and spawn RNG seed for reproducible debug runs
  --paused               Start in paused (debug) mode
  --verbose, -v          Enable per-frame verbose logging
  --fps N                Override target FPS (positive integer)
  --clear-logs           Clear previous log directories (default)
  --no-clear-logs        Preserve previous log directories
  --screenshot N ...     Save a BMP screenshot at specified frames
  --debug-keys           Enable interactive J/T dump/trace keys (default)
  --no-debug-keys        Disable interactive J/T dump/trace keys
  --script FILE          Load session from a JSON script file (exclusive)
  --help                 Show this help message
Error: invalid key name 'RCN' in key action token '10:RCN'
Usage: game [OPTIONS]

Options:
  --keys FRAME:KEY ...   Inject key presses at specific frames
  --dump N ...           Dump game state at specified frames
  --trace N ...          Trace system execution at specified frames
  --stopframe N          Stop after frame N
  --seed N               Fixed timestep and spawn RNG seed for reproducible debug runs
  --paused               Start in paused (debug) mode
  --verbose, -v          Enable per-frame verbose logging
  --fps N                Override target FPS (positive integer)
  --clear-logs           Clear previous log directories (default)
  --no-clear-logs        Preserve previous log directories
  --screenshot N ...     Save a BMP screenshot at specified frames
  --debug-keys           Enable interactive J/T dump/trace keys (default)
  --no-debug-keys        Disable interactive J/T dump/trace keys
  --script FILE          Load session from a JSON script file (exclusive)
  --help                 Show this help message
Error: invalid key name 'M' in key action token '10:M'
Usage: game [OPTIONS]

Options:
  --keys FRAME:KEY ...   Inject key presses at specific frames
  --dump N ...           Dump game state at specified frames
  --trace N ...          Trace system execution at specified frames
  --stopframe N          Stop after frame N
  --seed N               Fixed timestep and spawn RNG seed for reproducible debug runs
  --paused               Start in paused (debug) mode
  --verbose, -v          Enable per-frame verbose logging
  --fps N                Override target FPS (positive integer)
  --clear-logs           Clear previous log directories (default)
  --no-clear-logs        Preserve previous log directories
  --screenshot N ...     Save a BMP screenshot at specified frames
  --debug-keys           Enable interactive J/T dump/trace keys (default)
  --no-debug-keys        Disable interactive J/T dump/trace keys
  --script FILE          Load session from a JSON script file (exclusive)
  --help                 Show this help message
Error: invalid key name 'R' in key action token '10:R'
Usage: game [OPTIONS]

Options:
  --keys FRAME:KEY ...   Inject key presses at specific frames
  --dump N ...           Dump game state at specified frames
  --trace N ...          Trace system execution at specified frames
  --stopframe N          Stop after frame N
  --seed N               Fixed timestep and spawn RNG seed for reproducible debug runs
  --paused               Start in paused (debug) mode
  --verbose, -v          Enable per-frame verbose logging
  --fps N                Override target FPS (positive integer)
  --clear-logs           Clear previous log directories (default)
  --no-clear-logs        Preserve previous log directories
  --screenshot N ...     Save a BMP screenshot at specified frames
  --debug-keys           Enable interactive J/T dump/trace keys (default)
  --no-debug-keys        Disable interactive J/T dump/trace keys
  --script FILE          Load session from a JSON script file (exclusive)
  --help                 Show this help message
Error: invalid key name 'Q' in key action token '10:Q'
Usage: game [OPTIONS]

Options:
  --keys FRAME:KEY ...   Inject key presses at specific frames
  --dump N ...           Dump game state at specified frames
  --trace N ...          Trace system execution at specified frames
  --stopframe N          Stop after frame N
  --seed N               Fixed timestep and spawn RNG seed for reproducible debug runs
  --paused               Start in paused (debug) mode
  --verbose, -v          Enable per-frame verbose logging
  --fps N                Override target FPS (positive integer)
  --clear-logs           Clear previous log directories (default)
  --no-clear-logs        Preserve previous log directories
  --screenshot N ...     Save a BMP screenshot at specified frames
  --debug-keys           Enable interactive J/T dump/trace keys (default)
  --no-debug-keys        Disable interactive J/T dump/trace keys
  --script FILE          Load session from a JSON script file (exclusive)
  --help                 Show this help message
Error: invalid key name 'U' in key action token '10:U'
Usage: game [OPTIONS]

Options:
  --keys FRAME:KEY ...   Inject key presses at specific frames
  --dump N ...           Dump game state at specified frames
  --trace N ...          Trace system execution at specified frames
  --stopframe N          Stop after frame N
  --seed N               Fixed timestep and spawn RNG seed for reproducible debug runs
[...]
  --paused               Start in paused (debug) mode
  --verbose, -v          Enable per-frame verbose logging
  --fps N                Override target FPS (positive integer)
  --clear-logs           Clear previous log directories (default)
  --no-clear-logs        Preserve previous log directories
  --screenshot N ...     Save a BMP screenshot at specified frames
  --debug-keys           Enable interactive J/T dump/trace keys (default)
  --no-debug-keys        Disable interactive J/T dump/trace keys
  --script FILE          Load session from a JSON script file (exclusive)
  --help                 Show this help message
Error: invalid frame number '-677' in key action token '-677:ESC'
Usage: game [OPTIONS]

Options:
  --keys FRAME:KEY ...   Inject key presses at specific frames
  --dump N ...           Dump game state at specified frames
  --trace N ...          Trace system execution at specified frames
  --stopframe N          Stop after frame N
  --seed N               Fixed timestep and spawn RNG seed for reproducible debug runs
  --paused               Start in paused (debug) mode
  --verbose, -v          Enable per-frame verbose logging
  --fps N                Override target FPS (positive integer)
  --clear-logs           Clear previous log directories (default)
  --no-clear-logs        Preserve previous log directories
  --screenshot N ...     Save a BMP screenshot at specified frames
  --debug-keys           Enable interactive J/T dump/trace keys (default)
  --no-debug-keys        Disable interactive J/T dump/trace keys
  --script FILE          Load session from a JSON script file (exclusive)
  --help                 Show this help message
Error: invalid frame number '-677' in key action token '-677:T'
Usage: game [OPTIONS]

Options:
  --keys FRAME:KEY ...   Inject key presses at specific frames
  --dump N ...           Dump game state at specified frames
  --trace N ...          Trace system execution at specified frames
  --stopframe N          Stop after frame N
  --seed N               Fixed timestep and spawn RNG seed for reproducible debug runs
  --paused               Start in paused (debug) mode
  --verbose, -v          Enable per-frame verbose logging
  --fps N                Override target FPS (positive integer)
  --clear-logs           Clear previous log directories (default)
  --no-clear-logs        Preserve previous log directories
  --screenshot N ...     Save a BMP screenshot at specified frames
  --debug-keys           Enable interactive J/T dump/trace keys (default)
  --no-debug-keys        Disable interactive J/T dump/trace keys
  --script FILE          Load session from a JSON script file (exclusive)
  --help                 Show this help message
Error: invalid frame number '-677' in key action token '-677:W'
Usage: game [OPTIONS]

Options:
  --keys FRAME:KEY ...   Inject key presses at specific frames
  --dump N ...           Dump game state at specified frames
  --trace N ...          Trace system execution at specified frames
  --stopframe N          Stop after frame N
  --seed N               Fixed timestep and spawn RNG seed for reproducible debug runs
  --paused               Start in paused (debug) mode
  --verbose, -v          Enable per-frame verbose logging
  --fps N                Override target FPS (positive integer)
  --clear-logs           Clear previous log directories (default)
  --no-clear-logs        Preserve previous log directories
  --screenshot N ...     Save a BMP screenshot at specified frames
  --debug-keys           Enable interactive J/T dump/trace keys (default)
  --no-debug-keys        Disable interactive J/T dump/trace keys
  --script FILE          Load session from a JSON script file (exclusive)
  --help                 Show this help message
Error: invalid frame number '-823' in key action token '-823:D'
Usage: game [OPTIONS]

Options:
  --keys FRAME:KEY ...   Inject key presses at specific frames
  --dump N ...           Dump game state at specified frames
  --trace N ...          Trace system execution at specified frames
  --stopframe N          Stop after frame N
  --seed N               Fixed timestep and spawn RNG seed for reproducible debug runs
  --paused               Start in paused (debug) mode
  --verbose, -v          Enable per-frame verbose logging
  --fps N                Override target FPS (positive integer)
  --clear-logs           Clear previous log directories (default)
  --no-clear-logs        Preserve previous log directories
  --screenshot N ...     Save a BMP screenshot at specified frames
  --debug-keys           Enable interactive J/T dump/trace keys (default)
  --no-debug-keys        Disable interactive J/T dump/trace keys
  --script FILE          Load session from a JSON script file (exclusive)
  --help                 Show this help message
Error: invalid frame number '-823' in key action token '-823:UP'
Usage: game [OPTIONS]

Options:
  --keys FRAME:KEY ...   Inject key presses at specific frames
  --dump N ...           Dump game state at specified frames
  --trace N ...          Trace system execution at specified frames
  --stopframe N          Stop after frame N
  --seed N               Fixed timestep and spawn RNG seed for reproducible debug runs
  --paused               Start in paused (debug) mode
  --verbose, -v          Enable per-frame verbose logging
  --fps N                Override target FPS (positive integer)
  --clear-logs           Clear previous log directories (default)
  --no-clear-logs        Preserve previous log directories
  --screenshot N ...     Save a BMP screenshot at specified frames
  --debug-keys           Enable interactive J/T dump/trace keys (default)
  --no-debug-keys        Disable interactive J/T dump/trace keys
  --script FILE          Load session from a JSON script file (exclusive)
  --help                 Show this help message
Error: invalid frame number '-823' in key action token '-823:LEFT'
Usage: game [OPTIONS]

Options:
  --keys FRAME:KEY ...   Inject key presses at specific frames
  --dump N ...           Dump game state at specified frames
  --trace N ...          Trace system execution at specified frames
  --stopframe N          Stop after frame N
  --seed N               Fixed timestep and spawn RNG seed for reproducible debug runs
  --paused               Start in paused (debug) mode
  --verbose, -v          Enable per-frame verbose logging
  --fps N                Override target FPS (positive integer)
  --clear-logs           Clear previous log directories (default)
  --no-clear-logs        Preserve previous log directories
  --screenshot N ...     Save a BMP screenshot at specified frames
  --debug-keys           Enable interactive J/T dump/trace keys (default)
  --no-debug-keys        Disable interactive J/T dump/trace keys
  --script FILE          Load session from a JSON script file (exclusive)
  --help                 Show this help message
Error: invalid frame number '-823' in key action token '-823:T'
Usage: game [OPTIONS]

Options:
  --keys FRAME:KEY ...   Inject key presses at specific frames
  --dump N ...           Dump game state at specified frames
  --trace N ...          Trace system execution at specified frames
  --stopframe N          Stop after frame N
  --seed N               Fixed timestep and spawn RNG seed for reproducible debug runs
  --paused               Start in paused (debug) mode
  --verbose, -v          Enable per-frame verbose logging
  --fps N                Override target FPS (positive integer)
  --clear-logs           Clear previous log directories (default)
  --no-clear-logs        Preserve previous log directories
  --screenshot N ...     Save a BMP screenshot at specified frames
  --debug-keys           Enable interactive J/T dump/trace keys (default)
  --no-debug-keys        Disable interactive J/T dump/trace keys
  --script FILE          Load session from a JSON script file (exclusive)
  --help                 Show this help message
Error: invalid frame number '-823' in key action token '-823:UP'
Usage: game [OPTIONS]

Options:
  --keys FRAME:KEY ...   Inject key presses at specific frames
  --dump N ...           Dump game state at specified frames
  --trace N ...          Trace system execution at specified frames
  --stopframe N          Stop after frame N
  --seed N               Fixed timestep and spawn RNG seed for reproducible debug runs
  --paused               Start in paused (debug) mode
  --verbose, -v          Enable per-frame verbose logging
  --fps N                Override target FPS (positive integer)
  --clear-logs           Clear previous log directories (default)
  --no-clear-logs        Preserve previous log directories
  --screenshot N ...     Save a BMP screenshot at specified frames
  --debug-keys           Enable interactive J/T dump/trace keys (default)
  --no-debug-keys        Disable interactive J/T dump/trace keys
  --script FILE          Load session from a JSON script file (exclusive)
  --help                 Show this help message
Error: invalid frame number '-942' in key action token '-942:W'
Usage: game [OPTIONS]

Options:
  --keys FRAME:KEY ...   Inject key presses at specific frames
  --dump N ...           Dump game state at specified frames
  --trace N ...          Trace system execution at specified frames
  --stopframe N          Stop after frame N
  --seed N               Fixed timestep and spawn RNG seed for reproducible debug runs
  --paused               Start in paused (debug) mode
  --verbose, -v          Enable per-frame verbose logging
  --fps N                Override target FPS (positive integer)
  --clear-logs           Clear previous log directories (default)
  --no-clear-logs        Preserve previous log directories
  --screenshot N ...     Save a BMP screenshot at specified frames
  --debug-keys           Enable interactive J/T dump/trace keys (default)
  --no-debug-keys        Disable interactive J/T dump/trace keys
  --script FILE          Load session from a JSON script file (exclusive)
  --help                 Show this help message
Error: invalid frame number '-942' in key action token '-942:RIGHT'
Usage: game [OPTIONS]

Options:
  --keys FRAME:KEY ...   Inject key presses at specific frames
  --dump N ...           Dump game state at specified frames
  --trace N ...          Trace system execution at specified frames
  --stopframe N          Stop after frame N
  --seed N               Fixed timestep and spawn RNG seed for reproducible debug runs
  --paused               Start in paused (debug) mode
  --verbose, -v          Enable per-frame verbose logging
  --fps N                Override target FPS (positive integer)
  --clear-logs           Clear previous log directories (default)
  --no-clear-logs        Preserve previous log directories
  --screenshot N ...     Save a BMP screenshot at specified frames
  --debug-keys           Enable interactive J/T dump/trace keys (default)
  --no-debug-keys        Disable interactive J/T dump/trace keys
  --script FILE          Load session from a JSON script file (exclusive)
  --help                 Show this help message
Error: invalid frame number '-942' in key action token '-942:SPACE'
Usage: game [OPTIONS]

Options:
  --keys FRAME:KEY ...   Inject key presses at specific frames
  --dump N ...           Dump game state at specified frames
  --trace N ...          Trace system execution at specified frames
  --stopframe N          Stop after frame N
  --seed N               Fixed timestep and spawn RNG seed for reproducible debug runs
  --paused               Start in paused (debug) mode
  --verbose, -v          Enable per-frame verbose logging
  --fps N                Override target FPS (positive integer)
  --clear-logs           Clear previous log directories (default)
  --no-clear-logs        Preserve previous log directories
  --screenshot N ...     Save a BMP screenshot at specified frames
  --debug-keys           Enable interactive J/T dump/trace keys (default)
  --no-debug-keys        Disable interactive J/T dump/trace keys
  --script FILE          Load session from a JSON script file (exclusive)
  --help                 Show this help message
Error: invalid frame number '-942' in key action token '-942:F10'
Usage: game [OPTIONS]

Options:
  --keys FRAME:KEY ...   Inject key presses at specific frames
  --dump N ...           Dump game state at specified frames
  --trace N ...          Trace system execution at specified frames
  --stopframe N          Stop after frame N
  --seed N               Fixed timestep and spawn RNG seed for reproducible debug runs
  --paused               Start in paused (debug) mode
  --verbose, -v          Enable per-frame verbose logging
  --fps N                Override target FPS (positive integer)
  --clear-logs           Clear previous log directories (default)
  --no-clear-logs        Preserve previous log directories
  --screenshot N ...     Save a BMP screenshot at specified frames
  --debug-keys           Enable interactive J/T dump/trace keys (default)
  --no-debug-keys        Disable interactive J/T dump/trace keys
  --script FILE          Load session from a JSON script file (exclusive)
  --help                 Show this help message
Error: invalid frame number '-942' in key action token '-942:LEFT'
Usage: game [OPTIONS]

Options:
  --keys FRAME:KEY ...   Inject key presses at specific frames
  --dump N ...           Dump game state at specified frames
  --trace N ...          Trace system execution at specified frames
  --stopframe N          Stop after frame N
  --seed N               Fixed timestep and spawn RNG seed for reproducible debug runs
  --paused               Start in paused (debug) mode
  --verbose, -v          Enable per-frame verbose logging
  --fps N                Override target FPS (positive integer)
  --clear-logs           Clear previous log directories (default)
  --no-clear-logs        Preserve previous log directories
  --screenshot N ...     Save a BMP screenshot at specified frames
  --debug-keys           Enable interactive J/T dump/trace keys (default)
  --no-debug-keys        Disable interactive J/T dump/trace keys
  --script FILE          Load session from a JSON script file (exclusive)
  --help                 Show this help message
Error: invalid frame number '-2' in key action token '-2:F2'
Usage: game [OPTIONS]

Options:
  --keys FRAME:KEY ...   Inject key presses at specific frames
  --dump N ...           Dump game state at specified frames
  --trace N ...          Trace system execution at specified frames
  --stopframe N          Stop after frame N
  --seed N               Fixed timestep and spawn RNG seed for reproducible debug runs
  --paused               Start in paused (debug) mode
  --verbose, -v          Enable per-frame verbose logging
  --fps N                Override target FPS (positive integer)
  --clear-logs           Clear previous log directories (default)
  --no-clear-logs        Preserve previous log directories
  --screenshot N ...     Save a BMP screenshot at specified frames
  --debug-keys           Enable interactive J/T dump/trace keys (default)
  --no-debug-keys        Disable interactive J/T dump/trace keys
  --script FILE          Load session from a JSON script file (exclusive)
  --help                 Show this help message
Error: invalid frame number '-2' in key action token '-2:A'
Usage: game [OPTIONS]

Options:
  --keys FRAME:KEY ...   Inject key presses at specific frames
  --dump N ...           Dump game state at specified frames
  --trace N ...          Trace system execution at specified frames
  --stopframe N          Stop after frame N
  --seed N               Fixed timestep and spawn RNG seed for reproducible debug runs
  --paused               Start in paused (debug) mode
  --verbose, -v          Enable per-frame verbose logging
  --fps N                Override target FPS (positive integer)
  --clear-logs           Clear previous log directories (default)
  --no-clear-logs        Preserve previous log directories
  --screenshot N ...     Save a BMP screenshot at specified frames
  --debug-keys           Enable interactive J/T dump/trace keys (default)
  --no-debug-keys        Disable interactive J/T dump/trace keys
  --script FILE          Load session from a JSON script file (exclusive)
  --help                 Show this help message
Error: invalid frame number '-2' in key action token '-2:W'
Usage: game [OPTIONS]

Options:
  --keys FRAME:KEY ...   Inject key presses at specific frames
  --dump N ...           Dump game state at specified frames
  --trace N ...          Trace system execution at specified frames
  --stopframe N          Stop after frame N
  --seed N               Fixed timestep and spawn RNG seed for reproducible debug runs
  --paused               Start in paused (debug) mode
  --verbose, -v          Enable per-frame verbose logging
  --fps N                Override target FPS (positive integer)
  --clear-logs           Clear previous log directories (default)
  --no-clear-logs        Preserve previous log directories
  --screenshot N ...     Save a BMP screenshot at specified frames
  --debug-keys           Enable interactive J/T dump/trace keys (default)
  --no-debug-keys        Disable interactive J/T dump/trace keys
  --script FILE          Load session from a JSON script file (exclusive)
  --help                 Show this help message
Error: invalid frame number '-2' in key action token '-2:ESC'
Usage: game [OPTIONS]

Options:
  --keys FRAME:KEY ...   Inject key presses at specific frames
  --dump N ...           Dump game state at specified frames
  --trace N ...          Trace system execution at specified frames
  --stopframe N          Stop after frame N
  --seed N               Fixed timestep and spawn RNG seed for reproducible debug runs
  --paused               Start in paused (debug) mode
  --verbose, -v          Enable per-frame verbose logging
  --fps N                Override target FPS (positive integer)
  --clear-logs           Clear previous log directories (default)
  --no-clear-logs        Preserve previous log directories
  --screenshot N ...     Save a BMP screenshot at specified frames
  --debug-keys           Enable interactive J/T dump/trace keys (default)
  --no-debug-keys        Disable interactive J/T dump/trace keys
  --script FILE          Load session from a JSON script file (exclusive)
  --help                 Show this help message
Error: invalid frame number '-2' in key action token '-2:T'
Usage: game [OPTIONS]

Options:
  --keys FRAME:KEY ...   Inject key presses at specific frames
  --dump N ...           Dump game state at specified frames
  --trace N ...          Trace system execution at specified frames
  --stopframe N          Stop after frame N
  --seed N               Fixed timestep and spawn RNG seed for reproducible debug runs
  --paused               Start in paused (debug) mode
  --verbose, -v          Enable per-frame verbose logging
  --fps N                Override target FPS (positive integer)
  --clear-logs           Clear previous log directories (default)
  --no-clear-logs        Preserve previous log directories
  --screenshot N ...     Save a BMP screenshot at specified frames
  --debug-keys           Enable interactive J/T dump/trace keys (default)
  --no-debug-keys        Disable interactive J/T dump/trace keys
  --script FILE          Load session from a JSON script file (exclusive)
  --help                 Show this help message
===============================================================================
All tests passed (46060 assertions in 34 test cases)

<end of output>
Test time =   1.15 sec
----------------------------------------------------------
Test Passed.
"Game_Property_Tests" end time: Jul 22 21:24 Eastern Daylight Time
"Game_Property_Tests" time elapsed: 00:00:01
----------------------------------------------------------

End testing: Jul 22 21:24 Eastern Daylight Time
